Determining if the pthread_create exist failed with the following output:
Change Dir: /root/桌面/RoboCup_3D_USTB-master (2)/CMakeFiles/CMakeTmp

Run Build Command:"/usr/bin/make" "cmTC_f918c/fast"
/usr/bin/make -f CMakeFiles/cmTC_f918c.dir/build.make CMakeFiles/cmTC_f918c.dir/build
make[1]: Entering directory '/root/桌面/RoboCup_3D_USTB-master (2)/CMakeFiles/CMakeTmp'
Building C object CMakeFiles/cmTC_f918c.dir/CheckSymbolExists.c.o
/usr/bin/cc     -o CMakeFiles/cmTC_f918c.dir/CheckSymbolExists.c.o   -c "/root/桌面/RoboCup_3D_USTB-master (2)/CMakeFiles/CMakeTmp/CheckSymbolExists.c"
Linking C executable cmTC_f918c
/usr/bin/cmake -E cmake_link_script CMakeFiles/cmTC_f918c.dir/link.txt --verbose=1
/usr/bin/cc       CMakeFiles/cmTC_f918c.dir/CheckSymbolExists.c.o  -o cmTC_f918c -rdynamic 
CMakeFiles/cmTC_f918c.dir/CheckSymbolExists.c.o：在函数‘main’中：
CheckSymbolExists.c:(.text+0x16)：对‘pthread_create’未定义的引用
collect2: error: ld returned 1 exit status
CMakeFiles/cmTC_f918c.dir/build.make:97: recipe for target 'cmTC_f918c' failed
make[1]: *** [cmTC_f918c] Error 1
make[1]: Leaving directory '/root/桌面/RoboCup_3D_USTB-master (2)/CMakeFiles/CMakeTmp'
Makefile:126: recipe for target 'cmTC_f918c/fast' failed
make: *** [cmTC_f918c/fast] Error 2

File /root/桌面/RoboCup_3D_USTB-master (2)/CMakeFiles/CMakeTmp/CheckSymbolExists.c:
/* */
#include <pthread.h>

int main(int argc, char** argv)
{
  (void)argv;
#ifndef pthread_create
  return ((int*)(&pthread_create))[argc];
#else
  (void)argc;
  return 0;
#endif
}

Determining if the function pthread_create exists in the pthreads failed with the following output:
Change Dir: /root/桌面/RoboCup_3D_USTB-master (2)/CMakeFiles/CMakeTmp

Run Build Command:"/usr/bin/make" "cmTC_e2478/fast"
/usr/bin/make -f CMakeFiles/cmTC_e2478.dir/build.make CMakeFiles/cmTC_e2478.dir/build
make[1]: Entering directory '/root/桌面/RoboCup_3D_USTB-master (2)/CMakeFiles/CMakeTmp'
Building C object CMakeFiles/cmTC_e2478.dir/CheckFunctionExists.c.o
/usr/bin/cc    -DCHECK_FUNCTION_EXISTS=pthread_create   -o CMakeFiles/cmTC_e2478.dir/CheckFunctionExists.c.o   -c /usr/share/cmake-3.5/Modules/CheckFunctionExists.c
Linking C executable cmTC_e2478
/usr/bin/cmake -E cmake_link_script CMakeFiles/cmTC_e2478.dir/link.txt --verbose=1
/usr/bin/cc   -DCHECK_FUNCTION_EXISTS=pthread_create    CMakeFiles/cmTC_e2478.dir/CheckFunctionExists.c.o  -o cmTC_e2478 -rdynamic -lpthreads 
/usr/bin/ld: 找不到 -lpthreads
collect2: error: ld returned 1 exit status
CMakeFiles/cmTC_e2478.dir/build.make:97: recipe for target 'cmTC_e2478' failed
make[1]: *** [cmTC_e2478] Error 1
make[1]: Leaving directory '/root/桌面/RoboCup_3D_USTB-master (2)/CMakeFiles/CMakeTmp'
Makefile:126: recipe for target 'cmTC_e2478/fast' failed
make: *** [cmTC_e2478/fast] Error 2


Determining if the pthread_create exist failed with the following output:
Change Dir: /root/桌面/RoboCup_3D_USTB-master /CMakeFiles/CMakeTmp

Run Build Command:"/usr/bin/make" "cmTC_93477/fast"
/usr/bin/make -f CMakeFiles/cmTC_93477.dir/build.make CMakeFiles/cmTC_93477.dir/build
make[1]: Entering directory '/root/桌面/RoboCup_3D_USTB-master /CMakeFiles/CMakeTmp'
Building C object CMakeFiles/cmTC_93477.dir/CheckSymbolExists.c.o
/usr/bin/cc     -o CMakeFiles/cmTC_93477.dir/CheckSymbolExists.c.o   -c "/root/桌面/RoboCup_3D_USTB-master /CMakeFiles/CMakeTmp/CheckSymbolExists.c"
Linking C executable cmTC_93477
/usr/bin/cmake -E cmake_link_script CMakeFiles/cmTC_93477.dir/link.txt --verbose=1
/usr/bin/cc       CMakeFiles/cmTC_93477.dir/CheckSymbolExists.c.o  -o cmTC_93477 -rdynamic 
CMakeFiles/cmTC_93477.dir/CheckSymbolExists.c.o：在函数‘main’中：
CheckSymbolExists.c:(.text+0x16)：对‘pthread_create’未定义的引用
collect2: error: ld returned 1 exit status
CMakeFiles/cmTC_93477.dir/build.make:97: recipe for target 'cmTC_93477' failed
make[1]: *** [cmTC_93477] Error 1
make[1]: Leaving directory '/root/桌面/RoboCup_3D_USTB-master /CMakeFiles/CMakeTmp'
Makefile:126: recipe for target 'cmTC_93477/fast' failed
make: *** [cmTC_93477/fast] Error 2

File /root/桌面/RoboCup_3D_USTB-master /CMakeFiles/CMakeTmp/CheckSymbolExists.c:
/* */
#include <pthread.h>

int main(int argc, char** argv)
{
  (void)argv;
#ifndef pthread_create
  return ((int*)(&pthread_create))[argc];
#else
  (void)argc;
  return 0;
#endif
}

Determining if the function pthread_create exists in the pthreads failed with the following output:
Change Dir: /root/桌面/RoboCup_3D_USTB-master /CMakeFiles/CMakeTmp

Run Build Command:"/usr/bin/make" "cmTC_581c9/fast"
/usr/bin/make -f CMakeFiles/cmTC_581c9.dir/build.make CMakeFiles/cmTC_581c9.dir/build
make[1]: Entering directory '/root/桌面/RoboCup_3D_USTB-master /CMakeFiles/CMakeTmp'
Building C object CMakeFiles/cmTC_581c9.dir/CheckFunctionExists.c.o
/usr/bin/cc    -DCHECK_FUNCTION_EXISTS=pthread_create   -o CMakeFiles/cmTC_581c9.dir/CheckFunctionExists.c.o   -c /usr/share/cmake-3.5/Modules/CheckFunctionExists.c
Linking C executable cmTC_581c9
/usr/bin/cmake -E cmake_link_script CMakeFiles/cmTC_581c9.dir/link.txt --verbose=1
/usr/bin/cc   -DCHECK_FUNCTION_EXISTS=pthread_create    CMakeFiles/cmTC_581c9.dir/CheckFunctionExists.c.o  -o cmTC_581c9 -rdynamic -lpthreads 
/usr/bin/ld: 找不到 -lpthreads
collect2: error: ld returned 1 exit status
CMakeFiles/cmTC_581c9.dir/build.make:97: recipe for target 'cmTC_581c9' failed
make[1]: *** [cmTC_581c9] Error 1
make[1]: Leaving directory '/root/桌面/RoboCup_3D_USTB-master /CMakeFiles/CMakeTmp'
Makefile:126: recipe for target 'cmTC_581c9/fast' failed
make: *** [cmTC_581c9/fast] Error 2


